<?xml version="1.0" encoding="UTF-8"?>
<coverage generated="1784379039773" clover="3.2.0">
  <project timestamp="1784379039773" name="All files">
    <metrics statements="78" coveredstatements="71" conditionals="57" coveredconditionals="43" methods="43" coveredmethods="36" elements="178" coveredelements="150" complexity="0" loc="78" ncloc="78" packages="4" files="11" classes="11"/>
    <package name="components">
      <metrics statements="34" coveredstatements="33" conditionals="32" coveredconditionals="24" methods="18" coveredmethods="17"/>
      <file name="AddInternForm.tsx" path="D:\intern-training\react\session4\src\components\AddInternForm.tsx">
        <metrics statements="6" coveredstatements="6" conditionals="4" coveredconditionals="4" methods="2" coveredmethods="2"/>
        <line num="5" count="54" type="stmt"/>
        <line num="6" count="54" type="stmt"/>
        <line num="9" count="6" type="cond" truecount="2" falsecount="0"/>
        <line num="10" count="2" type="stmt"/>
        <line num="11" count="2" type="stmt"/>
        <line num="14" count="54" type="stmt"/>
      </file>
      <file name="InternListWithCallback.tsx" path="D:\intern-training\react\session4\src\components\InternListWithCallback.tsx">
        <metrics statements="5" coveredstatements="4" conditionals="0" coveredconditionals="0" methods="3" coveredmethods="2"/>
        <line num="22" count="3" type="stmt"/>
        <line num="24" count="3" type="stmt"/>
        <line num="25" count="0" type="stmt"/>
        <line num="32" count="3" type="stmt"/>
        <line num="35" count="9" type="stmt"/>
      </file>
      <file name="InternRow.tsx" path="D:\intern-training\react\session4\src\components\InternRow.tsx">
        <metrics statements="3" coveredstatements="3" conditionals="4" coveredconditionals="2" methods="2" coveredmethods="2"/>
        <line num="11" count="12" type="stmt"/>
        <line num="13" count="12" type="stmt"/>
        <line num="24" count="1" type="stmt"/>
      </file>
      <file name="Navbar.tsx" path="D:\intern-training\react\session4\src\components\Navbar.tsx">
        <metrics statements="2" coveredstatements="2" conditionals="6" coveredconditionals="6" methods="1" coveredmethods="1"/>
        <line num="4" count="5" type="stmt"/>
        <line num="6" count="5" type="stmt"/>
      </file>
      <file name="ScoreStats.tsx" path="D:\intern-training\react\session4\src\components\ScoreStats.tsx">
        <metrics statements="16" coveredstatements="16" conditionals="8" coveredconditionals="5" methods="9" coveredmethods="9"/>
        <line num="5" count="7" type="stmt"/>
        <line num="7" count="7" type="stmt"/>
        <line num="13" count="7" type="stmt"/>
        <line num="14" count="4" type="stmt"/>
        <line num="15" count="3" type="stmt"/>
        <line num="18" count="4" type="stmt"/>
        <line num="24" count="7" type="stmt"/>
        <line num="25" count="4" type="stmt"/>
        <line num="27" count="8" type="stmt"/>
        <line num="29" count="4" type="stmt"/>
        <line num="34" count="8" type="stmt"/>
        <line num="36" count="8" type="stmt"/>
        <line num="40" count="7" type="cond" truecount="2" falsecount="0"/>
        <line num="41" count="4" type="stmt"/>
        <line num="44" count="3" type="stmt"/>
        <line num="56" count="6" type="stmt"/>
      </file>
      <file name="ThemedCard.tsx" path="D:\intern-training\react\session4\src\components\ThemedCard.tsx">
        <metrics statements="2" coveredstatements="2" conditionals="10" coveredconditionals="7" methods="1" coveredmethods="1"/>
        <line num="9" count="14" type="stmt"/>
        <line num="11" count="14" type="stmt"/>
      </file>
    </package>
    <package name="contexts">
      <metrics statements="20" coveredstatements="15" conditionals="6" coveredconditionals="2" methods="13" coveredmethods="7"/>
      <file name="intern-context.tsx" path="D:\intern-training\react\session4\src\contexts\intern-context.tsx">
        <metrics statements="13" coveredstatements="8" conditionals="2" coveredconditionals="0" methods="9" coveredmethods="3"/>
        <line num="14" count="8" type="stmt"/>
        <line num="17" count="39" type="stmt"/>
        <line num="18" count="39" type="stmt"/>
        <line num="20" count="39" type="stmt"/>
        <line num="21" count="38" type="stmt"/>
        <line num="22" count="10" type="stmt"/>
        <line num="28" count="10" type="stmt"/>
        <line num="33" count="0" type="stmt"/>
        <line num="37" count="0" type="stmt"/>
        <line num="40" count="39" type="stmt"/>
        <line num="48" count="0" type="stmt"/>
        <line num="49" count="0" type="cond" truecount="0" falsecount="2"/>
        <line num="50" count="0" type="stmt"/>
      </file>
      <file name="theme-context.tsx" path="D:\intern-training\react\session4\src\contexts\theme-context.tsx">
        <metrics statements="7" coveredstatements="7" conditionals="4" coveredconditionals="2" methods="4" coveredmethods="4"/>
        <line num="10" count="8" type="stmt"/>
        <line num="15" count="40" type="stmt"/>
        <line num="18" count="1" type="cond" truecount="1" falsecount="1"/>
        <line num="21" count="40" type="stmt"/>
        <line num="29" count="31" type="stmt"/>
        <line num="30" count="31" type="cond" truecount="1" falsecount="1"/>
        <line num="31" count="31" type="stmt"/>
      </file>
    </package>
    <package name="hooks">
      <metrics statements="22" coveredstatements="21" conditionals="19" coveredconditionals="17" methods="10" coveredmethods="10"/>
      <file name="useCounter.ts" path="D:\intern-training\react\session4\src\hooks\useCounter.ts">
        <metrics statements="10" coveredstatements="9" conditionals="9" coveredconditionals="8" methods="5" coveredmethods="5"/>
        <line num="34" count="5" type="cond" truecount="3" falsecount="1"/>
        <line num="36" count="3" type="stmt"/>
        <line num="41" count="1" type="stmt"/>
        <line num="46" count="1" type="stmt"/>
        <line num="51" count="0" type="stmt"/>
        <line num="55" count="8" type="stmt"/>
        <line num="60" count="3" type="stmt"/>
        <line num="64" count="1" type="stmt"/>
        <line num="68" count="1" type="stmt"/>
        <line num="71" count="8" type="stmt"/>
      </file>
      <file name="useInternForm.ts" path="D:\intern-training\react\session4\src\hooks\useInternForm.ts">
        <metrics statements="12" coveredstatements="12" conditionals="10" coveredconditionals="9" methods="5" coveredmethods="5"/>
        <line num="20" count="3" type="stmt"/>
        <line num="25" count="65" type="stmt"/>
        <line num="26" count="65" type="stmt"/>
        <line num="31" count="38" type="stmt"/>
        <line num="32" count="38" type="stmt"/>
        <line num="41" count="4" type="stmt"/>
        <line num="42" count="4" type="stmt"/>
        <line num="46" count="9" type="cond" truecount="2" falsecount="0"/>
        <line num="47" count="5" type="cond" truecount="4" falsecount="0"/>
        <line num="48" count="4" type="stmt"/>
        <line num="49" count="4" type="stmt"/>
        <line num="52" count="65" type="stmt"/>
      </file>
    </package>
    <package name="test">
      <metrics statements="2" coveredstatements="2" conditionals="0" coveredconditionals="0" methods="2" coveredmethods="2"/>
      <file name="test-utils.tsx" path="D:\intern-training\react\session4\src\test\test-utils.tsx">
        <metrics statements="2" coveredstatements="2" conditionals="0" coveredconditionals="0" methods="2" coveredmethods="2"/>
        <line num="7" count="38" type="stmt"/>
        <line num="17" count="38" type="stmt"/>
      </file>
    </package>
  </project>
</coverage>
