<?xml version="1.0" encoding="UTF-8"?>
<coverage generated="1785931546678" clover="3.2.0">
  <project timestamp="1785931546678" name="All files">
    <metrics statements="126" coveredstatements="104" conditionals="63" coveredconditionals="48" methods="59" coveredmethods="44" elements="248" coveredelements="196" complexity="0" loc="126" ncloc="126" packages="6" files="15" classes="15"/>
    <package name="components">
      <metrics statements="11" coveredstatements="1" conditionals="6" coveredconditionals="0" methods="8" coveredmethods="1"/>
      <file name="ScoreStats.tsx" path="D:\intern-training\react\session4\src\components\ScoreStats.tsx">
        <metrics statements="11" coveredstatements="1" conditionals="6" coveredconditionals="0" methods="8" coveredmethods="1"/>
        <line num="35" count="3" type="stmt"/>
        <line num="44" count="0" type="stmt"/>
        <line num="45" count="0" type="stmt"/>
        <line num="46" count="0" type="stmt"/>
        <line num="50" count="0" type="stmt"/>
        <line num="51" count="0" type="stmt"/>
        <line num="53" count="0" type="stmt"/>
        <line num="58" count="0" type="stmt"/>
        <line num="60" count="0" type="stmt"/>
        <line num="65" count="0" type="stmt"/>
        <line num="71" count="0" type="stmt"/>
      </file>
    </package>
    <package name="contexts">
      <metrics statements="18" coveredstatements="13" conditionals="6" coveredconditionals="3" methods="8" coveredmethods="4"/>
      <file name="intern-context.tsx" path="D:\intern-training\react\session4\src\contexts\intern-context.tsx">
        <metrics statements="11" coveredstatements="10" conditionals="2" coveredconditionals="2" methods="4" coveredmethods="3"/>
        <line num="36" count="2" type="stmt"/>
        <line num="39" count="2" type="stmt"/>
        <line num="41" count="2" type="stmt"/>
        <line num="46" count="1" type="stmt"/>
        <line num="47" count="1" type="stmt"/>
        <line num="50" count="0" type="stmt"/>
        <line num="53" count="2" type="stmt"/>
        <line num="61" count="4" type="stmt"/>
        <line num="63" count="4" type="cond" truecount="2" falsecount="0"/>
        <line num="64" count="2" type="stmt"/>
        <line num="69" count="2" type="stmt"/>
      </file>
      <file name="theme-context.tsx" path="D:\intern-training\react\session4\src\contexts\theme-context.tsx">
        <metrics statements="7" coveredstatements="3" conditionals="4" coveredconditionals="1" methods="4" coveredmethods="1"/>
        <line num="10" count="1" type="stmt"/>
        <line num="15" count="0" type="stmt"/>
        <line num="18" count="0" type="cond" truecount="0" falsecount="2"/>
        <line num="21" count="0" type="stmt"/>
        <line num="29" count="2" type="stmt"/>
        <line num="30" count="2" type="cond" truecount="1" falsecount="1"/>
        <line num="31" count="0" type="stmt"/>
      </file>
    </package>
    <package name="hooks">
      <metrics statements="37" coveredstatements="34" conditionals="14" coveredconditionals="10" methods="12" coveredmethods="11"/>
      <file name="useInternForm.ts" path="D:\intern-training\react\session4\src\hooks\useInternForm.ts">
        <metrics statements="30" coveredstatements="27" conditionals="11" coveredconditionals="8" methods="7" coveredmethods="6"/>
        <line num="53" count="1" type="stmt"/>
        <line num="59" count="0" type="cond" truecount="0" falsecount="1"/>
        <line num="61" count="11" type="stmt"/>
        <line num="62" count="11" type="stmt"/>
        <line num="70" count="4" type="cond" truecount="1" falsecount="1"/>
        <line num="71" count="0" type="stmt"/>
        <line num="74" count="4" type="cond" truecount="2" falsecount="0"/>
        <line num="75" count="2" type="stmt"/>
        <line num="78" count="2" type="stmt"/>
        <line num="81" count="8" type="stmt"/>
        <line num="83" count="8" type="cond" truecount="2" falsecount="0"/>
        <line num="84" count="2" type="stmt"/>
        <line num="85" count="2" type="stmt"/>
        <line num="88" count="6" type="stmt"/>
        <line num="89" count="6" type="stmt"/>
        <line num="90" count="6" type="stmt"/>
        <line num="96" count="4" type="stmt"/>
        <line num="98" count="4" type="stmt"/>
        <line num="105" count="4" type="stmt"/>
        <line num="110" count="4" type="cond" truecount="1" falsecount="1"/>
        <line num="111" count="0" type="stmt"/>
        <line num="113" count="4" type="stmt"/>
        <line num="117" count="2" type="stmt"/>
        <line num="118" count="2" type="stmt"/>
        <line num="121" count="4" type="cond" truecount="2" falsecount="0"/>
        <line num="122" count="2" type="stmt"/>
        <line num="125" count="2" type="stmt"/>
        <line num="130" count="2" type="stmt"/>
        <line num="131" count="2" type="stmt"/>
        <line num="134" count="11" type="stmt"/>
      </file>
      <file name="useInternSearch.ts" path="D:\intern-training\react\session4\src\hooks\useInternSearch.ts">
        <metrics statements="7" coveredstatements="7" conditionals="3" coveredconditionals="2" methods="5" coveredmethods="5"/>
        <line num="45" count="2" type="stmt"/>
        <line num="56" count="2" type="stmt"/>
        <line num="57" count="2" type="stmt"/>
        <line num="60" count="2" type="stmt"/>
        <line num="62" count="1" type="stmt"/>
        <line num="64" count="1" type="stmt"/>
        <line num="68" count="2" type="stmt"/>
      </file>
    </package>
    <package name="repositories">
      <metrics statements="8" coveredstatements="8" conditionals="2" coveredconditionals="2" methods="9" coveredmethods="9"/>
      <file name="intern-repository.ts" path="D:\intern-training\react\session4\src\repositories\intern-repository.ts">
        <metrics statements="8" coveredstatements="8" conditionals="2" coveredconditionals="2" methods="9" coveredmethods="9"/>
        <line num="5" count="15" type="stmt"/>
        <line num="7" count="15" type="stmt"/>
        <line num="8" count="10" type="stmt"/>
        <line num="10" count="15" type="stmt"/>
        <line num="11" count="3" type="stmt"/>
        <line num="13" count="15" type="stmt"/>
        <line num="14" count="3" type="cond" truecount="2" falsecount="0"/>
        <line num="16" count="15" type="stmt"/>
      </file>
    </package>
    <package name="services">
      <metrics statements="20" coveredstatements="18" conditionals="15" coveredconditionals="13" methods="9" coveredmethods="7"/>
      <file name="intern-service.ts" path="D:\intern-training\react\session4\src\services\intern-service.ts">
        <metrics statements="20" coveredstatements="18" conditionals="15" coveredconditionals="13" methods="9" coveredmethods="7"/>
        <line num="8" count="4" type="stmt"/>
        <line num="21" count="11" type="stmt"/>
        <line num="26" count="11" type="stmt"/>
        <line num="31" count="11" type="cond" truecount="2" falsecount="0"/>
        <line num="32" count="3" type="stmt"/>
        <line num="35" count="8" type="cond" truecount="4" falsecount="0"/>
        <line num="36" count="1" type="stmt"/>
        <line num="39" count="7" type="stmt"/>
        <line num="43" count="5" type="cond" truecount="2" falsecount="0"/>
        <line num="44" count="2" type="stmt"/>
        <line num="47" count="3" type="stmt"/>
        <line num="48" count="5" type="stmt"/>
        <line num="53" count="3" type="cond" truecount="2" falsecount="0"/>
        <line num="60" count="4" type="stmt"/>
        <line num="62" count="4" type="stmt"/>
        <line num="64" count="8" type="cond" truecount="2" falsecount="0"/>
        <line num="68" count="4" type="stmt"/>
        <line num="73" count="4" type="stmt"/>
        <line num="86" count="0" type="stmt"/>
        <line num="87" count="0" type="cond" truecount="0" falsecount="2"/>
      </file>
    </package>
    <package name="utils">
      <metrics statements="32" coveredstatements="30" conditionals="20" coveredconditionals="20" methods="13" coveredmethods="12"/>
      <file name="assert.ts" path="D:\intern-training\react\session4\src\utils\assert.ts">
        <metrics statements="1" coveredstatements="1" conditionals="2" coveredconditionals="2" methods="1" coveredmethods="1"/>
        <line num="2" count="49" type="cond" truecount="2" falsecount="0"/>
      </file>
      <file name="generate-id.ts" path="D:\intern-training\react\session4\src\utils\generate-id.ts">
        <metrics statements="1" coveredstatements="1" conditionals="2" coveredconditionals="2" methods="1" coveredmethods="1"/>
        <line num="5" count="3" type="stmt"/>
      </file>
      <file name="intern-request.ts" path="D:\intern-training\react\session4\src\utils\intern-request.ts">
        <metrics statements="3" coveredstatements="1" conditionals="0" coveredconditionals="0" methods="2" coveredmethods="1"/>
        <line num="9" count="1" type="stmt"/>
        <line num="19" count="0" type="stmt"/>
        <line num="21" count="0" type="stmt"/>
      </file>
      <file name="intern-utils.ts" path="D:\intern-training\react\session4\src\utils\intern-utils.ts">
        <metrics statements="5" coveredstatements="5" conditionals="2" coveredconditionals="2" methods="2" coveredmethods="2"/>
        <line num="15" count="6" type="stmt"/>
        <line num="17" count="6" type="stmt"/>
        <line num="19" count="24" type="cond" truecount="2" falsecount="0"/>
        <line num="23" count="6" type="stmt"/>
        <line num="28" count="6" type="stmt"/>
      </file>
      <file name="intern-validation.ts" path="D:\intern-training\react\session4\src\utils\intern-validation.ts">
        <metrics statements="14" coveredstatements="14" conditionals="8" coveredconditionals="8" methods="3" coveredmethods="3"/>
        <line num="9" count="1" type="stmt"/>
        <line num="10" count="1" type="stmt"/>
        <line num="12" count="7" type="cond" truecount="2" falsecount="0"/>
        <line num="13" count="2" type="stmt"/>
        <line num="15" count="5" type="stmt"/>
        <line num="19" count="5" type="cond" truecount="4" falsecount="0"/>
        <line num="20" count="2" type="stmt"/>
        <line num="22" count="3" type="stmt"/>
        <line num="28" count="7" type="stmt"/>
        <line num="33" count="7" type="stmt"/>
        <line num="38" count="7" type="stmt"/>
        <line num="39" count="7" type="cond" truecount="2" falsecount="0"/>
        <line num="40" count="2" type="stmt"/>
        <line num="43" count="5" type="stmt"/>
      </file>
      <file name="postcondition.ts" path="D:\intern-training\react\session4\src\utils\postcondition.ts">
        <metrics statements="5" coveredstatements="5" conditionals="2" coveredconditionals="2" methods="2" coveredmethods="2"/>
        <line num="4" count="1" type="stmt"/>
        <line num="6" count="1" type="stmt"/>
        <line num="8" count="3" type="cond" truecount="2" falsecount="0"/>
        <line num="11" count="1" type="stmt"/>
        <line num="16" count="1" type="stmt"/>
      </file>
      <file name="role-label.ts" path="D:\intern-training\react\session4\src\utils\role-label.ts">
        <metrics statements="2" coveredstatements="2" conditionals="2" coveredconditionals="2" methods="1" coveredmethods="1"/>
        <line num="1" count="1" type="stmt"/>
        <line num="8" count="2" type="cond" truecount="2" falsecount="0"/>
      </file>
      <file name="score-label.ts" path="D:\intern-training\react\session4\src\utils\score-label.ts">
        <metrics statements="1" coveredstatements="1" conditionals="2" coveredconditionals="2" methods="1" coveredmethods="1"/>
        <line num="2" count="2" type="cond" truecount="2" falsecount="0"/>
      </file>
    </package>
  </project>
</coverage>
