{"D:\\intern-training\\react\\session4\\src\\components\\AddInternForm.tsx": {"path":"D:\\intern-training\\react\\session4\\src\\components\\AddInternForm.tsx","statementMap":{"0":{"start":{"line":5,"column":62},"end":{"line":5,"column":76}},"1":{"start":{"line":6,"column":33},"end":{"line":6,"column":44}},"2":{"start":{"line":9,"column":4},"end":{"line":9,"column":null}},"3":{"start":{"line":9,"column":20},"end":{"line":9,"column":null}},"4":{"start":{"line":10,"column":4},"end":{"line":10,"column":null}},"5":{"start":{"line":11,"column":4},"end":{"line":11,"column":null}},"6":{"start":{"line":14,"column":2},"end":{"line":31,"column":null}}},"fnMap":{"0":{"name":"AddInternForm","decl":{"start":{"line":4,"column":9},"end":{"line":4,"column":25}},"loc":{"start":{"line":4,"column":25},"end":{"line":33,"column":null}},"line":4},"1":{"name":"handleSubmit","decl":{"start":{"line":8,"column":11},"end":{"line":8,"column":32}},"loc":{"start":{"line":8,"column":32},"end":{"line":12,"column":null}},"line":8}},"branchMap":{"0":{"loc":{"start":{"line":9,"column":4},"end":{"line":9,"column":null}},"type":"if","locations":[{"start":{"line":9,"column":4},"end":{"line":9,"column":null}},{"start":{},"end":{}}],"line":9},"1":{"loc":{"start":{"line":16,"column":7},"end":{"line":16,"column":null}},"type":"binary-expr","locations":[{"start":{"line":16,"column":7},"end":{"line":16,"column":16}},{"start":{"line":16,"column":16},"end":{"line":16,"column":null}}],"line":16}},"s":{"0":54,"1":54,"2":6,"3":4,"4":2,"5":2,"6":54},"f":{"0":54,"1":6},"b":{"0":[4,2],"1":[54,9]},"meta":{"lastBranch":2,"lastFunction":2,"lastStatement":7,"seen":{"f:4:9:4:25":0,"s:5:62:5:76":0,"s:6:33:6:44":1,"f:8:11:8:32":1,"b:9:4:9:Infinity:undefined:undefined:undefined:undefined":0,"s:9:4:9:Infinity":2,"s:9:20:9:Infinity":3,"s:10:4:10:Infinity":4,"s:11:4:11:Infinity":5,"s:14:2:31:Infinity":6,"b:16:7:16:16:16:16:16:Infinity":1},"fnNames":{}}}
,"D:\\intern-training\\react\\session4\\src\\components\\InternListWithCallback.tsx": {"path":"D:\\intern-training\\react\\session4\\src\\components\\InternListWithCallback.tsx","statementMap":{"0":{"start":{"line":22,"column":36},"end":{"line":22,"column":47}},"1":{"start":{"line":24,"column":23},"end":{"line":26,"column":null}},"2":{"start":{"line":25,"column":4},"end":{"line":25,"column":null}},"3":{"start":{"line":32,"column":2},"end":{"line":43,"column":null}},"4":{"start":{"line":35,"column":8},"end":{"line":41,"column":null}}},"fnMap":{"0":{"name":"InternListWithCallback","decl":{"start":{"line":21,"column":9},"end":{"line":21,"column":34}},"loc":{"start":{"line":21,"column":34},"end":{"line":45,"column":null}},"line":21},"1":{"name":"(anonymous_1)","decl":{"start":{"line":24,"column":23},"end":{"line":24,"column":36}},"loc":{"start":{"line":24,"column":57},"end":{"line":26,"column":5}},"line":24},"2":{"name":"(anonymous_2)","decl":{"start":{"line":34,"column":15},"end":{"line":34,"column":19}},"loc":{"start":{"line":35,"column":8},"end":{"line":41,"column":null}},"line":35}},"branchMap":{},"s":{"0":3,"1":3,"2":0,"3":3,"4":9},"f":{"0":3,"1":0,"2":9},"b":{},"meta":{"lastBranch":0,"lastFunction":3,"lastStatement":5,"seen":{"f:21:9:21:34":0,"s:22:36:22:47":0,"s:24:23:26:Infinity":1,"f:24:23:24:36":1,"s:25:4:25:Infinity":2,"s:32:2:43:Infinity":3,"f:34:15:34:19":2,"s:35:8:41:Infinity":4},"fnNames":{}}}
,"D:\\intern-training\\react\\session4\\src\\components\\InternRow.tsx": {"path":"D:\\intern-training\\react\\session4\\src\\components\\InternRow.tsx","statementMap":{"0":{"start":{"line":11,"column":20},"end":{"line":11,"column":29}},"1":{"start":{"line":13,"column":2},"end":{"line":27,"column":null}},"2":{"start":{"line":24,"column":29},"end":{"line":24,"column":43}}},"fnMap":{"0":{"name":"InternRow","decl":{"start":{"line":10,"column":9},"end":{"line":10,"column":19}},"loc":{"start":{"line":10,"column":66},"end":{"line":29,"column":null}},"line":10},"1":{"name":"(anonymous_1)","decl":{"start":{"line":24,"column":14},"end":{"line":24,"column":29}},"loc":{"start":{"line":24,"column":29},"end":{"line":24,"column":43}},"line":24}},"branchMap":{"0":{"loc":{"start":{"line":16,"column":20},"end":{"line":16,"column":null}},"type":"cond-expr","locations":[{"start":{"line":16,"column":40},"end":{"line":16,"column":49}},{"start":{"line":16,"column":49},"end":{"line":16,"column":null}}],"line":16},"1":{"loc":{"start":{"line":17,"column":15},"end":{"line":17,"column":null}},"type":"cond-expr","locations":[{"start":{"line":17,"column":35},"end":{"line":17,"column":44}},{"start":{"line":17,"column":44},"end":{"line":17,"column":null}}],"line":17}},"s":{"0":12,"1":12,"2":1},"f":{"0":12,"1":1},"b":{"0":[12,0],"1":[12,0]},"meta":{"lastBranch":2,"lastFunction":2,"lastStatement":3,"seen":{"f:10:9:10:19":0,"s:11:20:11:29":0,"s:13:2:27:Infinity":1,"b:16:40:16:49:16:49:16:Infinity":0,"b:17:35:17:44:17:44:17:Infinity":1,"f:24:14:24:29":1,"s:24:29:24:43":2},"fnNames":{}}}
,"D:\\intern-training\\react\\session4\\src\\components\\Navbar.tsx": {"path":"D:\\intern-training\\react\\session4\\src\\components\\Navbar.tsx","statementMap":{"0":{"start":{"line":4,"column":33},"end":{"line":4,"column":42}},"1":{"start":{"line":6,"column":2},"end":{"line":18,"column":null}}},"fnMap":{"0":{"name":"Navbar","decl":{"start":{"line":3,"column":9},"end":{"line":3,"column":18}},"loc":{"start":{"line":3,"column":18},"end":{"line":20,"column":null}},"line":3}},"branchMap":{"0":{"loc":{"start":{"line":8,"column":18},"end":{"line":8,"column":null}},"type":"cond-expr","locations":[{"start":{"line":8,"column":38},"end":{"line":8,"column":50}},{"start":{"line":8,"column":50},"end":{"line":8,"column":null}}],"line":8},"1":{"loc":{"start":{"line":9,"column":18},"end":{"line":9,"column":null}},"type":"cond-expr","locations":[{"start":{"line":9,"column":38},"end":{"line":9,"column":50}},{"start":{"line":9,"column":50},"end":{"line":9,"column":null}}],"line":9},"2":{"loc":{"start":{"line":16,"column":19},"end":{"line":16,"column":56}},"type":"cond-expr","locations":[{"start":{"line":16,"column":39},"end":{"line":16,"column":48}},{"start":{"line":16,"column":48},"end":{"line":16,"column":56}}],"line":16}},"s":{"0":5,"1":5},"f":{"0":5},"b":{"0":[4,1],"1":[4,1],"2":[4,1]},"meta":{"lastBranch":3,"lastFunction":1,"lastStatement":2,"seen":{"f:3:9:3:18":0,"s:4:33:4:42":0,"s:6:2:18:Infinity":1,"b:8:38:8:50:8:50:8:Infinity":0,"b:9:38:9:50:9:50:9:Infinity":1,"b:16:39:16:48:16:48:16:56":2},"fnNames":{}}}
,"D:\\intern-training\\react\\session4\\src\\components\\ScoreStats.tsx": {"path":"D:\\intern-training\\react\\session4\\src\\components\\ScoreStats.tsx","statementMap":{"0":{"start":{"line":5,"column":32},"end":{"line":5,"column":null}},"1":{"start":{"line":7,"column":18},"end":{"line":10,"column":null}},"2":{"start":{"line":13,"column":0},"end":{"line":19,"column":null}},"3":{"start":{"line":14,"column":16},"end":{"line":16,"column":null}},"4":{"start":{"line":15,"column":4},"end":{"line":15,"column":null}},"5":{"start":{"line":18,"column":2},"end":{"line":18,"column":null}},"6":{"start":{"line":18,"column":15},"end":{"line":18,"column":null}},"7":{"start":{"line":24,"column":15},"end":{"line":38,"column":null}},"8":{"start":{"line":25,"column":2},"end":{"line":25,"column":null}},"9":{"start":{"line":27,"column":17},"end":{"line":27,"column":null}},"10":{"start":{"line":27,"column":34},"end":{"line":27,"column":41}},"11":{"start":{"line":29,"column":2},"end":{"line":37,"column":null}},"12":{"start":{"line":34,"column":45},"end":{"line":34,"column":52}},"13":{"start":{"line":36,"column":33},"end":{"line":36,"column":46}},"14":{"start":{"line":40,"column":0},"end":{"line":42,"column":null}},"15":{"start":{"line":41,"column":2},"end":{"line":41,"column":null}},"16":{"start":{"line":44,"column":2},"end":{"line":58,"column":null}},"17":{"start":{"line":56,"column":6},"end":{"line":56,"column":null}}},"fnMap":{"0":{"name":"ScoreStats","decl":{"start":{"line":4,"column":9},"end":{"line":4,"column":22}},"loc":{"start":{"line":4,"column":22},"end":{"line":60,"column":null}},"line":4},"1":{"name":"(anonymous_1)","decl":{"start":{"line":13,"column":0},"end":{"line":13,"column":16}},"loc":{"start":{"line":13,"column":16},"end":{"line":19,"column":3}},"line":13},"2":{"name":"(anonymous_2)","decl":{"start":{"line":14,"column":16},"end":{"line":14,"column":33}},"loc":{"start":{"line":14,"column":33},"end":{"line":16,"column":5}},"line":14},"3":{"name":"(anonymous_3)","decl":{"start":{"line":18,"column":2},"end":{"line":18,"column":15}},"loc":{"start":{"line":18,"column":15},"end":{"line":18,"column":null}},"line":18},"4":{"name":"(anonymous_4)","decl":{"start":{"line":24,"column":15},"end":{"line":24,"column":29}},"loc":{"start":{"line":24,"column":29},"end":{"line":38,"column":3}},"line":24},"5":{"name":"(anonymous_5)","decl":{"start":{"line":27,"column":25},"end":{"line":27,"column":29}},"loc":{"start":{"line":27,"column":34},"end":{"line":27,"column":41}},"line":27},"6":{"name":"(anonymous_6)","decl":{"start":{"line":34,"column":28},"end":{"line":34,"column":36}},"loc":{"start":{"line":34,"column":45},"end":{"line":34,"column":52}},"line":34},"7":{"name":"(anonymous_7)","decl":{"start":{"line":36,"column":21},"end":{"line":36,"column":28}},"loc":{"start":{"line":36,"column":33},"end":{"line":36,"column":46}},"line":36},"8":{"name":"(anonymous_8)","decl":{"start":{"line":55,"column":13},"end":{"line":55,"column":18}},"loc":{"start":{"line":56,"column":6},"end":{"line":56,"column":null}},"line":56}},"branchMap":{"0":{"loc":{"start":{"line":30,"column":13},"end":{"line":30,"column":null}},"type":"cond-expr","locations":[{"start":{"line":30,"column":33},"end":{"line":30,"column":55}},{"start":{"line":30,"column":55},"end":{"line":30,"column":null}}],"line":30},"1":{"loc":{"start":{"line":31,"column":12},"end":{"line":31,"column":null}},"type":"cond-expr","locations":[{"start":{"line":31,"column":32},"end":{"line":31,"column":54}},{"start":{"line":31,"column":54},"end":{"line":31,"column":null}}],"line":31},"2":{"loc":{"start":{"line":33,"column":6},"end":{"line":35,"column":null}},"type":"cond-expr","locations":[{"start":{"line":34,"column":10},"end":{"line":34,"column":null}},{"start":{"line":35,"column":10},"end":{"line":35,"column":null}}],"line":33},"3":{"loc":{"start":{"line":40,"column":0},"end":{"line":42,"column":null}},"type":"if","locations":[{"start":{"line":40,"column":0},"end":{"line":42,"column":null}},{"start":{},"end":{}}],"line":40}},"s":{"0":7,"1":7,"2":7,"3":4,"4":3,"5":4,"6":4,"7":7,"8":4,"9":4,"10":8,"11":4,"12":8,"13":8,"14":7,"15":4,"16":3,"17":6},"f":{"0":7,"1":4,"2":3,"3":4,"4":4,"5":8,"6":8,"7":8,"8":6},"b":{"0":[4,0],"1":[4,0],"2":[4,0],"3":[4,3]},"meta":{"lastBranch":4,"lastFunction":9,"lastStatement":18,"seen":{"f:4:9:4:22":0,"s:5:32:5:Infinity":0,"s:7:18:10:Infinity":1,"s:13:0:19:Infinity":2,"f:13:0:13:16":1,"s:14:16:16:Infinity":3,"f:14:16:14:33":2,"s:15:4:15:Infinity":4,"s:18:2:18:Infinity":5,"f:18:2:18:15":3,"s:18:15:18:Infinity":6,"s:24:15:38:Infinity":7,"f:24:15:24:29":4,"s:25:2:25:Infinity":8,"s:27:17:27:Infinity":9,"f:27:25:27:29":5,"s:27:34:27:41":10,"s:29:2:37:Infinity":11,"b:30:33:30:55:30:55:30:Infinity":0,"b:31:32:31:54:31:54:31:Infinity":1,"b:34:10:34:Infinity:35:10:35:Infinity":2,"f:34:28:34:36":6,"s:34:45:34:52":12,"f:36:21:36:28":7,"s:36:33:36:46":13,"b:40:0:42:Infinity:undefined:undefined:undefined:undefined":3,"s:40:0:42:Infinity":14,"s:41:2:41:Infinity":15,"s:44:2:58:Infinity":16,"f:55:13:55:18":8,"s:56:6:56:Infinity":17},"fnNames":{}}}
,"D:\\intern-training\\react\\session4\\src\\components\\ThemedCard.tsx": {"path":"D:\\intern-training\\react\\session4\\src\\components\\ThemedCard.tsx","statementMap":{"0":{"start":{"line":9,"column":20},"end":{"line":9,"column":29}},"1":{"start":{"line":11,"column":2},"end":{"line":25,"column":null}}},"fnMap":{"0":{"name":"ThemedCard","decl":{"start":{"line":8,"column":9},"end":{"line":8,"column":20}},"loc":{"start":{"line":8,"column":54},"end":{"line":27,"column":null}},"line":8}},"branchMap":{"0":{"loc":{"start":{"line":13,"column":20},"end":{"line":13,"column":null}},"type":"cond-expr","locations":[{"start":{"line":13,"column":40},"end":{"line":13,"column":52}},{"start":{"line":13,"column":52},"end":{"line":13,"column":null}}],"line":13},"1":{"loc":{"start":{"line":14,"column":20},"end":{"line":14,"column":null}},"type":"cond-expr","locations":[{"start":{"line":14,"column":40},"end":{"line":14,"column":52}},{"start":{"line":14,"column":52},"end":{"line":14,"column":null}}],"line":14},"2":{"loc":{"start":{"line":15,"column":33},"end":{"line":15,"column":null}},"type":"cond-expr","locations":[{"start":{"line":15,"column":53},"end":{"line":15,"column":62}},{"start":{"line":15,"column":62},"end":{"line":15,"column":null}}],"line":15},"3":{"loc":{"start":{"line":22,"column":25},"end":{"line":22,"column":55}},"type":"cond-expr","locations":[{"start":{"line":22,"column":39},"end":{"line":22,"column":49}},{"start":{"line":22,"column":49},"end":{"line":22,"column":55}}],"line":22},"4":{"loc":{"start":{"line":23,"column":9},"end":{"line":23,"column":null}},"type":"cond-expr","locations":[{"start":{"line":23,"column":23},"end":{"line":23,"column":32}},{"start":{"line":23,"column":32},"end":{"line":23,"column":null}}],"line":23}},"s":{"0":14,"1":14},"f":{"0":14},"b":{"0":[14,0],"1":[14,0],"2":[14,0],"3":[11,3],"4":[11,3]},"meta":{"lastBranch":5,"lastFunction":1,"lastStatement":2,"seen":{"f:8:9:8:20":0,"s:9:20:9:29":0,"s:11:2:25:Infinity":1,"b:13:40:13:52:13:52:13:Infinity":0,"b:14:40:14:52:14:52:14:Infinity":1,"b:15:53:15:62:15:62:15:Infinity":2,"b:22:39:22:49:22:49:22:55":3,"b:23:23:23:32:23:32:23:Infinity":4},"fnNames":{}}}
,"D:\\intern-training\\react\\session4\\src\\contexts\\intern-context.tsx": {"path":"D:\\intern-training\\react\\session4\\src\\contexts\\intern-context.tsx","statementMap":{"0":{"start":{"line":14,"column":22},"end":{"line":14,"column":null}},"1":{"start":{"line":17,"column":36},"end":{"line":17,"column":null}},"2":{"start":{"line":18,"column":36},"end":{"line":18,"column":null}},"3":{"start":{"line":20,"column":2},"end":{"line":30,"column":null}},"4":{"start":{"line":21,"column":4},"end":{"line":29,"column":null}},"5":{"start":{"line":22,"column":6},"end":{"line":27,"column":null}},"6":{"start":{"line":28,"column":6},"end":{"line":28,"column":null}},"7":{"start":{"line":33,"column":4},"end":{"line":33,"column":null}},"8":{"start":{"line":33,"column":23},"end":{"line":33,"column":40}},"9":{"start":{"line":37,"column":4},"end":{"line":37,"column":null}},"10":{"start":{"line":37,"column":23},"end":{"line":37,"column":52}},"11":{"start":{"line":37,"column":40},"end":{"line":37,"column":51}},"12":{"start":{"line":40,"column":2},"end":{"line":43,"column":null}},"13":{"start":{"line":48,"column":18},"end":{"line":48,"column":null}},"14":{"start":{"line":49,"column":2},"end":{"line":49,"column":null}},"15":{"start":{"line":49,"column":16},"end":{"line":49,"column":null}},"16":{"start":{"line":50,"column":2},"end":{"line":50,"column":null}}},"fnMap":{"0":{"name":"InternProvider","decl":{"start":{"line":16,"column":16},"end":{"line":16,"column":31}},"loc":{"start":{"line":16,"column":70},"end":{"line":45,"column":null}},"line":16},"1":{"name":"(anonymous_1)","decl":{"start":{"line":20,"column":2},"end":{"line":20,"column":18}},"loc":{"start":{"line":20,"column":18},"end":{"line":30,"column":5}},"line":20},"2":{"name":"(anonymous_2)","decl":{"start":{"line":21,"column":4},"end":{"line":21,"column":21}},"loc":{"start":{"line":21,"column":21},"end":{"line":29,"column":7}},"line":21},"3":{"name":"addIntern","decl":{"start":{"line":32,"column":11},"end":{"line":32,"column":21}},"loc":{"start":{"line":32,"column":43},"end":{"line":34,"column":null}},"line":32},"4":{"name":"(anonymous_4)","decl":{"start":{"line":33,"column":4},"end":{"line":33,"column":15}},"loc":{"start":{"line":33,"column":23},"end":{"line":33,"column":40}},"line":33},"5":{"name":"removeIntern","decl":{"start":{"line":36,"column":11},"end":{"line":36,"column":24}},"loc":{"start":{"line":36,"column":42},"end":{"line":38,"column":null}},"line":36},"6":{"name":"(anonymous_6)","decl":{"start":{"line":37,"column":4},"end":{"line":37,"column":15}},"loc":{"start":{"line":37,"column":23},"end":{"line":37,"column":52}},"line":37},"7":{"name":"(anonymous_7)","decl":{"start":{"line":37,"column":28},"end":{"line":37,"column":35}},"loc":{"start":{"line":37,"column":40},"end":{"line":37,"column":51}},"line":37},"8":{"name":"useInterns","decl":{"start":{"line":47,"column":16},"end":{"line":47,"column":48}},"loc":{"start":{"line":47,"column":48},"end":{"line":51,"column":null}},"line":47}},"branchMap":{"0":{"loc":{"start":{"line":49,"column":2},"end":{"line":49,"column":null}},"type":"if","locations":[{"start":{"line":49,"column":2},"end":{"line":49,"column":null}},{"start":{},"end":{}}],"line":49}},"s":{"0":8,"1":39,"2":39,"3":39,"4":38,"5":10,"6":10,"7":0,"8":0,"9":0,"10":0,"11":0,"12":39,"13":0,"14":0,"15":0,"16":0},"f":{"0":39,"1":38,"2":10,"3":0,"4":0,"5":0,"6":0,"7":0,"8":0},"b":{"0":[0,0]},"meta":{"lastBranch":1,"lastFunction":9,"lastStatement":17,"seen":{"s:14:22:14:Infinity":0,"f:16:16:16:31":0,"s:17:36:17:Infinity":1,"s:18:36:18:Infinity":2,"s:20:2:30:Infinity":3,"f:20:2:20:18":1,"s:21:4:29:Infinity":4,"f:21:4:21:21":2,"s:22:6:27:Infinity":5,"s:28:6:28:Infinity":6,"f:32:11:32:21":3,"s:33:4:33:Infinity":7,"f:33:4:33:15":4,"s:33:23:33:40":8,"f:36:11:36:24":5,"s:37:4:37:Infinity":9,"f:37:4:37:15":6,"s:37:23:37:52":10,"f:37:28:37:35":7,"s:37:40:37:51":11,"s:40:2:43:Infinity":12,"f:47:16:47:48":8,"s:48:18:48:Infinity":13,"b:49:2:49:Infinity:undefined:undefined:undefined:undefined":0,"s:49:2:49:Infinity":14,"s:49:16:49:Infinity":15,"s:50:2:50:Infinity":16},"fnNames":{}}}
,"D:\\intern-training\\react\\session4\\src\\contexts\\theme-context.tsx": {"path":"D:\\intern-training\\react\\session4\\src\\contexts\\theme-context.tsx","statementMap":{"0":{"start":{"line":10,"column":21},"end":{"line":10,"column":null}},"1":{"start":{"line":15,"column":28},"end":{"line":15,"column":null}},"2":{"start":{"line":18,"column":4},"end":{"line":18,"column":null}},"3":{"start":{"line":18,"column":21},"end":{"line":18,"column":56}},"4":{"start":{"line":21,"column":2},"end":{"line":24,"column":null}},"5":{"start":{"line":29,"column":18},"end":{"line":29,"column":null}},"6":{"start":{"line":30,"column":2},"end":{"line":30,"column":null}},"7":{"start":{"line":30,"column":16},"end":{"line":30,"column":null}},"8":{"start":{"line":31,"column":2},"end":{"line":31,"column":null}}},"fnMap":{"0":{"name":"ThemeProvider","decl":{"start":{"line":14,"column":16},"end":{"line":14,"column":30}},"loc":{"start":{"line":14,"column":69},"end":{"line":26,"column":null}},"line":14},"1":{"name":"toggleTheme","decl":{"start":{"line":17,"column":11},"end":{"line":17,"column":31}},"loc":{"start":{"line":17,"column":31},"end":{"line":19,"column":null}},"line":17},"2":{"name":"(anonymous_2)","decl":{"start":{"line":18,"column":4},"end":{"line":18,"column":13}},"loc":{"start":{"line":18,"column":21},"end":{"line":18,"column":56}},"line":18},"3":{"name":"useTheme","decl":{"start":{"line":28,"column":16},"end":{"line":28,"column":45}},"loc":{"start":{"line":28,"column":45},"end":{"line":32,"column":null}},"line":28}},"branchMap":{"0":{"loc":{"start":{"line":18,"column":21},"end":{"line":18,"column":56}},"type":"cond-expr","locations":[{"start":{"line":18,"column":40},"end":{"line":18,"column":49}},{"start":{"line":18,"column":49},"end":{"line":18,"column":56}}],"line":18},"1":{"loc":{"start":{"line":30,"column":2},"end":{"line":30,"column":null}},"type":"if","locations":[{"start":{"line":30,"column":2},"end":{"line":30,"column":null}},{"start":{},"end":{}}],"line":30}},"s":{"0":8,"1":40,"2":1,"3":1,"4":40,"5":31,"6":31,"7":0,"8":31},"f":{"0":40,"1":1,"2":1,"3":31},"b":{"0":[1,0],"1":[0,31]},"meta":{"lastBranch":2,"lastFunction":4,"lastStatement":9,"seen":{"s:10:21:10:Infinity":0,"f:14:16:14:30":0,"s:15:28:15:Infinity":1,"f:17:11:17:31":1,"s:18:4:18:Infinity":2,"f:18:4:18:13":2,"s:18:21:18:56":3,"b:18:40:18:49:18:49:18:56":0,"s:21:2:24:Infinity":4,"f:28:16:28:45":3,"s:29:18:29:Infinity":5,"b:30:2:30:Infinity:undefined:undefined:undefined:undefined":1,"s:30:2:30:Infinity":6,"s:30:16:30:Infinity":7,"s:31:2:31:Infinity":8},"fnNames":{}}}
,"D:\\intern-training\\react\\session4\\src\\hooks\\useCounter.ts": {"path":"D:\\intern-training\\react\\session4\\src\\hooks\\useCounter.ts","statementMap":{"0":{"start":{"line":34,"column":4},"end":{"line":52,"column":null}},"1":{"start":{"line":36,"column":8},"end":{"line":38,"column":null}},"2":{"start":{"line":41,"column":8},"end":{"line":43,"column":null}},"3":{"start":{"line":46,"column":8},"end":{"line":48,"column":null}},"4":{"start":{"line":51,"column":8},"end":{"line":51,"column":null}},"5":{"start":{"line":55,"column":28},"end":{"line":57,"column":null}},"6":{"start":{"line":60,"column":4},"end":{"line":60,"column":null}},"7":{"start":{"line":64,"column":4},"end":{"line":64,"column":null}},"8":{"start":{"line":68,"column":4},"end":{"line":68,"column":null}},"9":{"start":{"line":71,"column":2},"end":{"line":76,"column":null}}},"fnMap":{"0":{"name":"useCounter","decl":{"start":{"line":26,"column":9},"end":{"line":26,"column":20}},"loc":{"start":{"line":31,"column":45},"end":{"line":77,"column":null}},"line":31},"1":{"name":"reducer","decl":{"start":{"line":33,"column":11},"end":{"line":33,"column":19}},"loc":{"start":{"line":33,"column":77},"end":{"line":53,"column":null}},"line":33},"2":{"name":"increment","decl":{"start":{"line":59,"column":11},"end":{"line":59,"column":29}},"loc":{"start":{"line":59,"column":29},"end":{"line":61,"column":null}},"line":59},"3":{"name":"decrement","decl":{"start":{"line":63,"column":11},"end":{"line":63,"column":29}},"loc":{"start":{"line":63,"column":29},"end":{"line":65,"column":null}},"line":63},"4":{"name":"reset","decl":{"start":{"line":67,"column":11},"end":{"line":67,"column":25}},"loc":{"start":{"line":67,"column":25},"end":{"line":69,"column":null}},"line":67}},"branchMap":{"0":{"loc":{"start":{"line":26,"column":20},"end":{"line":31,"column":45}},"type":"default-arg","locations":[{"start":{"line":31,"column":23},"end":{"line":31,"column":45}}],"line":26},"1":{"loc":{"start":{"line":27,"column":2},"end":{"line":27,"column":null}},"type":"default-arg","locations":[{"start":{"line":27,"column":12},"end":{"line":27,"column":null}}],"line":27},"2":{"loc":{"start":{"line":28,"column":2},"end":{"line":28,"column":null}},"type":"default-arg","locations":[{"start":{"line":28,"column":8},"end":{"line":28,"column":null}}],"line":28},"3":{"loc":{"start":{"line":29,"column":2},"end":{"line":29,"column":null}},"type":"default-arg","locations":[{"start":{"line":29,"column":8},"end":{"line":29,"column":null}}],"line":29},"4":{"loc":{"start":{"line":30,"column":2},"end":{"line":30,"column":null}},"type":"default-arg","locations":[{"start":{"line":30,"column":9},"end":{"line":30,"column":null}}],"line":30},"5":{"loc":{"start":{"line":34,"column":4},"end":{"line":52,"column":null}},"type":"switch","locations":[{"start":{"line":35,"column":6},"end":{"line":38,"column":null}},{"start":{"line":40,"column":6},"end":{"line":43,"column":null}},{"start":{"line":45,"column":6},"end":{"line":48,"column":null}},{"start":{"line":50,"column":6},"end":{"line":51,"column":null}}],"line":34}},"s":{"0":5,"1":3,"2":1,"3":1,"4":0,"5":8,"6":3,"7":1,"8":1,"9":8},"f":{"0":8,"1":5,"2":3,"3":1,"4":1},"b":{"0":[8],"1":[8],"2":[8],"3":[8],"4":[8],"5":[3,1,1,0]},"meta":{"lastBranch":6,"lastFunction":5,"lastStatement":10,"seen":{"f:26:9:26:20":0,"b:31:23:31:45":0,"b:27:12:27:Infinity":1,"b:28:8:28:Infinity":2,"b:29:8:29:Infinity":3,"b:30:9:30:Infinity":4,"f:33:11:33:19":1,"b:35:6:38:Infinity:40:6:43:Infinity:45:6:48:Infinity:50:6:51:Infinity":5,"s:34:4:52:Infinity":0,"s:36:8:38:Infinity":1,"s:41:8:43:Infinity":2,"s:46:8:48:Infinity":3,"s:51:8:51:Infinity":4,"s:55:28:57:Infinity":5,"f:59:11:59:29":2,"s:60:4:60:Infinity":6,"f:63:11:63:29":3,"s:64:4:64:Infinity":7,"f:67:11:67:25":4,"s:68:4:68:Infinity":8,"s:71:2:76:Infinity":9},"fnNames":{}}}
,"D:\\intern-training\\react\\session4\\src\\hooks\\useInternForm.ts": {"path":"D:\\intern-training\\react\\session4\\src\\hooks\\useInternForm.ts","statementMap":{"0":{"start":{"line":20,"column":37},"end":{"line":22,"column":null}},"1":{"start":{"line":25,"column":28},"end":{"line":25,"column":null}},"2":{"start":{"line":26,"column":28},"end":{"line":26,"column":null}},"3":{"start":{"line":31,"column":34},"end":{"line":31,"column":null}},"4":{"start":{"line":32,"column":4},"end":{"line":37,"column":null}},"5":{"start":{"line":32,"column":21},"end":{"line":37,"column":6}},"6":{"start":{"line":41,"column":4},"end":{"line":41,"column":null}},"7":{"start":{"line":42,"column":4},"end":{"line":42,"column":null}},"8":{"start":{"line":46,"column":4},"end":{"line":46,"column":null}},"9":{"start":{"line":46,"column":29},"end":{"line":46,"column":59}},"10":{"start":{"line":46,"column":59},"end":{"line":46,"column":72}},"11":{"start":{"line":47,"column":4},"end":{"line":47,"column":null}},"12":{"start":{"line":47,"column":46},"end":{"line":47,"column":79}},"13":{"start":{"line":47,"column":79},"end":{"line":47,"column":92}},"14":{"start":{"line":48,"column":4},"end":{"line":48,"column":null}},"15":{"start":{"line":49,"column":4},"end":{"line":49,"column":null}},"16":{"start":{"line":52,"column":2},"end":{"line":52,"column":null}}},"fnMap":{"0":{"name":"useInternForm","decl":{"start":{"line":24,"column":9},"end":{"line":24,"column":46}},"loc":{"start":{"line":24,"column":46},"end":{"line":53,"column":null}},"line":24},"1":{"name":"handleChange","decl":{"start":{"line":28,"column":11},"end":{"line":28,"column":null}},"loc":{"start":{"line":30,"column":10},"end":{"line":38,"column":null}},"line":30},"2":{"name":"(anonymous_2)","decl":{"start":{"line":32,"column":4},"end":{"line":32,"column":12}},"loc":{"start":{"line":32,"column":21},"end":{"line":37,"column":6}},"line":32},"3":{"name":"handleReset","decl":{"start":{"line":40,"column":11},"end":{"line":40,"column":31}},"loc":{"start":{"line":40,"column":31},"end":{"line":43,"column":null}},"line":40},"4":{"name":"isValid","decl":{"start":{"line":45,"column":11},"end":{"line":45,"column":30}},"loc":{"start":{"line":45,"column":30},"end":{"line":50,"column":null}},"line":45}},"branchMap":{"0":{"loc":{"start":{"line":34,"column":14},"end":{"line":36,"column":null}},"type":"cond-expr","locations":[{"start":{"line":35,"column":11},"end":{"line":35,"column":null}},{"start":{"line":36,"column":10},"end":{"line":36,"column":null}}],"line":34},"1":{"loc":{"start":{"line":36,"column":10},"end":{"line":36,"column":null}},"type":"cond-expr","locations":[{"start":{"line":36,"column":29},"end":{"line":36,"column":45}},{"start":{"line":36,"column":45},"end":{"line":36,"column":null}}],"line":36},"2":{"loc":{"start":{"line":46,"column":4},"end":{"line":46,"column":null}},"type":"if","locations":[{"start":{"line":46,"column":4},"end":{"line":46,"column":null}},{"start":{},"end":{}}],"line":46},"3":{"loc":{"start":{"line":47,"column":4},"end":{"line":47,"column":null}},"type":"if","locations":[{"start":{"line":47,"column":4},"end":{"line":47,"column":null}},{"start":{},"end":{}}],"line":47},"4":{"loc":{"start":{"line":47,"column":8},"end":{"line":47,"column":44}},"type":"binary-expr","locations":[{"start":{"line":47,"column":8},"end":{"line":47,"column":26}},{"start":{"line":47,"column":26},"end":{"line":47,"column":44}}],"line":47}},"s":{"0":3,"1":65,"2":65,"3":38,"4":38,"5":38,"6":4,"7":4,"8":9,"9":4,"10":4,"11":5,"12":1,"13":1,"14":4,"15":4,"16":65},"f":{"0":65,"1":38,"2":38,"3":4,"4":9},"b":{"0":[0,38],"1":[11,27],"2":[4,5],"3":[1,4],"4":[5,5]},"meta":{"lastBranch":5,"lastFunction":5,"lastStatement":17,"seen":{"s:20:37:22:Infinity":0,"f:24:9:24:46":0,"s:25:28:25:Infinity":1,"s:26:28:26:Infinity":2,"f:28:11:28:Infinity":1,"s:31:34:31:Infinity":3,"s:32:4:37:Infinity":4,"f:32:4:32:12":2,"s:32:21:37:6":5,"b:35:11:35:Infinity:36:10:36:Infinity":0,"b:36:29:36:45:36:45:36:Infinity":1,"f:40:11:40:31":3,"s:41:4:41:Infinity":6,"s:42:4:42:Infinity":7,"f:45:11:45:30":4,"b:46:4:46:Infinity:undefined:undefined:undefined:undefined":2,"s:46:4:46:Infinity":8,"s:46:29:46:59":9,"s:46:59:46:72":10,"b:47:4:47:Infinity:undefined:undefined:undefined:undefined":3,"s:47:4:47:Infinity":11,"b:47:8:47:26:47:26:47:44":4,"s:47:46:47:79":12,"s:47:79:47:92":13,"s:48:4:48:Infinity":14,"s:49:4:49:Infinity":15,"s:52:2:52:Infinity":16},"fnNames":{}}}
,"D:\\intern-training\\react\\session4\\src\\test\\test-utils.tsx": {"path":"D:\\intern-training\\react\\session4\\src\\test\\test-utils.tsx","statementMap":{"0":{"start":{"line":7,"column":2},"end":{"line":12,"column":null}},"1":{"start":{"line":17,"column":2},"end":{"line":17,"column":null}}},"fnMap":{"0":{"name":"AllProviders","decl":{"start":{"line":6,"column":9},"end":{"line":6,"column":22}},"loc":{"start":{"line":6,"column":61},"end":{"line":14,"column":null}},"line":6},"1":{"name":"customRender","decl":{"start":{"line":16,"column":9},"end":{"line":16,"column":22}},"loc":{"start":{"line":16,"column":71},"end":{"line":18,"column":null}},"line":16}},"branchMap":{},"s":{"0":38,"1":38},"f":{"0":38,"1":38},"b":{},"meta":{"lastBranch":0,"lastFunction":2,"lastStatement":2,"seen":{"f:6:9:6:22":0,"s:7:2:12:Infinity":0,"f:16:9:16:22":1,"s:17:2:17:Infinity":1},"fnNames":{}}}
}
