{"D:\\intern-training\\react\\session4\\src\\components\\ScoreStats.tsx": {"path":"D:\\intern-training\\react\\session4\\src\\components\\ScoreStats.tsx","statementMap":{"0":{"start":{"line":76,"column":2},"end":{"line":80,"column":null}},"1":{"start":{"line":85,"column":22},"end":{"line":85,"column":33}},"2":{"start":{"line":87,"column":16},"end":{"line":100,"column":null}},"3":{"start":{"line":88,"column":19},"end":{"line":88,"column":null}},"4":{"start":{"line":88,"column":36},"end":{"line":88,"column":43}},"5":{"start":{"line":90,"column":4},"end":{"line":99,"column":null}},"6":{"start":{"line":95,"column":47},"end":{"line":95,"column":54}},"7":{"start":{"line":97,"column":35},"end":{"line":97,"column":48}},"8":{"start":{"line":102,"column":2},"end":{"line":102,"column":null}}},"fnMap":{"0":{"name":"ScoreStats","decl":{"start":{"line":69,"column":16},"end":{"line":69,"column":27}},"loc":{"start":{"line":75,"column":20},"end":{"line":82,"column":null}},"line":75},"1":{"name":"ScoreStatsContainer","decl":{"start":{"line":84,"column":16},"end":{"line":84,"column":38}},"loc":{"start":{"line":84,"column":38},"end":{"line":103,"column":null}},"line":84},"2":{"name":"(anonymous_2)","decl":{"start":{"line":87,"column":16},"end":{"line":87,"column":30}},"loc":{"start":{"line":87,"column":30},"end":{"line":100,"column":5}},"line":87},"3":{"name":"(anonymous_3)","decl":{"start":{"line":88,"column":27},"end":{"line":88,"column":31}},"loc":{"start":{"line":88,"column":36},"end":{"line":88,"column":43}},"line":88},"4":{"name":"(anonymous_4)","decl":{"start":{"line":95,"column":30},"end":{"line":95,"column":38}},"loc":{"start":{"line":95,"column":47},"end":{"line":95,"column":54}},"line":95},"5":{"name":"(anonymous_5)","decl":{"start":{"line":97,"column":23},"end":{"line":97,"column":30}},"loc":{"start":{"line":97,"column":35},"end":{"line":97,"column":48}},"line":97}},"branchMap":{"0":{"loc":{"start":{"line":91,"column":15},"end":{"line":91,"column":null}},"type":"cond-expr","locations":[{"start":{"line":91,"column":35},"end":{"line":91,"column":57}},{"start":{"line":91,"column":57},"end":{"line":91,"column":null}}],"line":91},"1":{"loc":{"start":{"line":92,"column":14},"end":{"line":92,"column":null}},"type":"cond-expr","locations":[{"start":{"line":92,"column":34},"end":{"line":92,"column":56}},{"start":{"line":92,"column":56},"end":{"line":92,"column":null}}],"line":92},"2":{"loc":{"start":{"line":94,"column":8},"end":{"line":96,"column":null}},"type":"cond-expr","locations":[{"start":{"line":95,"column":12},"end":{"line":95,"column":null}},{"start":{"line":96,"column":12},"end":{"line":96,"column":null}}],"line":94}},"s":{"0":3,"1":0,"2":0,"3":0,"4":0,"5":0,"6":0,"7":0,"8":0},"f":{"0":3,"1":0,"2":0,"3":0,"4":0,"5":0},"b":{"0":[0,0],"1":[0,0],"2":[0,0]},"meta":{"lastBranch":3,"lastFunction":6,"lastStatement":9,"seen":{"f:69:16:69:27":0,"s:76:2:80:Infinity":0,"f:84:16:84:38":1,"s:85:22:85:33":1,"s:87:16:100:Infinity":2,"f:87:16:87:30":2,"s:88:19:88:Infinity":3,"f:88:27:88:31":3,"s:88:36:88:43":4,"s:90:4:99:Infinity":5,"b:91:35:91:57:91:57:91:Infinity":0,"b:92:34:92:56:92:56:92:Infinity":1,"b:95:12:95:Infinity:96:12:96:Infinity":2,"f:95:30:95:38":4,"s:95:47:95:54":6,"f:97:23:97:30":5,"s:97:35:97:48":7,"s:102:2:102:Infinity":8},"fnNames":{}}}
,"D:\\intern-training\\react\\session4\\src\\contexts\\intern-context.tsx": {"path":"D:\\intern-training\\react\\session4\\src\\contexts\\intern-context.tsx","statementMap":{"0":{"start":{"line":21,"column":22},"end":{"line":21,"column":null}},"1":{"start":{"line":28,"column":28},"end":{"line":28,"column":null}},"2":{"start":{"line":30,"column":36},"end":{"line":30,"column":null}},"3":{"start":{"line":31,"column":36},"end":{"line":31,"column":null}},"4":{"start":{"line":33,"column":2},"end":{"line":43,"column":null}},"5":{"start":{"line":34,"column":4},"end":{"line":42,"column":null}},"6":{"start":{"line":35,"column":6},"end":{"line":40,"column":null}},"7":{"start":{"line":41,"column":6},"end":{"line":41,"column":null}},"8":{"start":{"line":46,"column":2},"end":{"line":52,"column":null}},"9":{"start":{"line":46,"column":21},"end":{"line":52,"column":3}},"10":{"start":{"line":56,"column":4},"end":{"line":56,"column":null}},"11":{"start":{"line":56,"column":23},"end":{"line":56,"column":52}},"12":{"start":{"line":56,"column":40},"end":{"line":56,"column":51}},"13":{"start":{"line":59,"column":2},"end":{"line":62,"column":null}},"14":{"start":{"line":67,"column":18},"end":{"line":67,"column":null}},"15":{"start":{"line":68,"column":2},"end":{"line":68,"column":null}},"16":{"start":{"line":68,"column":16},"end":{"line":68,"column":null}},"17":{"start":{"line":69,"column":2},"end":{"line":69,"column":null}}},"fnMap":{"0":{"name":"InternProvider","decl":{"start":{"line":26,"column":16},"end":{"line":26,"column":31}},"loc":{"start":{"line":29,"column":24},"end":{"line":64,"column":null}},"line":29},"1":{"name":"(anonymous_1)","decl":{"start":{"line":28,"column":2},"end":{"line":28,"column":16}},"loc":{"start":{"line":28,"column":28},"end":{"line":28,"column":null}},"line":28},"2":{"name":"(anonymous_2)","decl":{"start":{"line":33,"column":2},"end":{"line":33,"column":18}},"loc":{"start":{"line":33,"column":18},"end":{"line":43,"column":5}},"line":33},"3":{"name":"(anonymous_3)","decl":{"start":{"line":34,"column":4},"end":{"line":34,"column":21}},"loc":{"start":{"line":34,"column":21},"end":{"line":42,"column":7}},"line":34},"4":{"name":"addIntern","decl":{"start":{"line":45,"column":11},"end":{"line":45,"column":21}},"loc":{"start":{"line":45,"column":46},"end":{"line":53,"column":null}},"line":45},"5":{"name":"(anonymous_5)","decl":{"start":{"line":46,"column":2},"end":{"line":46,"column":13}},"loc":{"start":{"line":46,"column":21},"end":{"line":52,"column":3}},"line":46},"6":{"name":"removeIntern","decl":{"start":{"line":55,"column":11},"end":{"line":55,"column":24}},"loc":{"start":{"line":55,"column":42},"end":{"line":57,"column":null}},"line":55},"7":{"name":"(anonymous_7)","decl":{"start":{"line":56,"column":4},"end":{"line":56,"column":15}},"loc":{"start":{"line":56,"column":23},"end":{"line":56,"column":52}},"line":56},"8":{"name":"(anonymous_8)","decl":{"start":{"line":56,"column":28},"end":{"line":56,"column":35}},"loc":{"start":{"line":56,"column":40},"end":{"line":56,"column":51}},"line":56},"9":{"name":"useInterns","decl":{"start":{"line":66,"column":16},"end":{"line":66,"column":48}},"loc":{"start":{"line":66,"column":48},"end":{"line":70,"column":null}},"line":66}},"branchMap":{"0":{"loc":{"start":{"line":28,"column":2},"end":{"line":28,"column":null}},"type":"default-arg","locations":[{"start":{"line":28,"column":2},"end":{"line":28,"column":null}}],"line":28},"1":{"loc":{"start":{"line":68,"column":2},"end":{"line":68,"column":null}},"type":"if","locations":[{"start":{"line":68,"column":2},"end":{"line":68,"column":null}},{"start":{},"end":{}}],"line":68}},"s":{"0":2,"1":1,"2":4,"3":4,"4":4,"5":2,"6":0,"7":0,"8":2,"9":2,"10":0,"11":0,"12":0,"13":4,"14":4,"15":4,"16":0,"17":4},"f":{"0":4,"1":1,"2":2,"3":0,"4":2,"5":2,"6":0,"7":0,"8":0,"9":4},"b":{"0":[1],"1":[0,4]},"meta":{"lastBranch":2,"lastFunction":10,"lastStatement":18,"seen":{"s:21:22:21:Infinity":0,"f:26:16:26:31":0,"b:28:2:28:Infinity":0,"f:28:2:28:16":1,"s:28:28:28:Infinity":1,"s:30:36:30:Infinity":2,"s:31:36:31:Infinity":3,"s:33:2:43:Infinity":4,"f:33:2:33:18":2,"s:34:4:42:Infinity":5,"f:34:4:34:21":3,"s:35:6:40:Infinity":6,"s:41:6:41:Infinity":7,"f:45:11:45:21":4,"s:46:2:52:Infinity":8,"f:46:2:46:13":5,"s:46:21:52:3":9,"f:55:11:55:24":6,"s:56:4:56:Infinity":10,"f:56:4:56:15":7,"s:56:23:56:52":11,"f:56:28:56:35":8,"s:56:40:56:51":12,"s:59:2:62:Infinity":13,"f:66:16:66:48":9,"s:67:18:67:Infinity":14,"b:68:2:68:Infinity:undefined:undefined:undefined:undefined":1,"s:68:2:68:Infinity":15,"s:68:16:68:Infinity":16,"s:69:2:69:Infinity":17},"fnNames":{}}}
,"D:\\intern-training\\react\\session4\\src\\hooks\\useInternForm.ts": {"path":"D:\\intern-training\\react\\session4\\src\\hooks\\useInternForm.ts","statementMap":{"0":{"start":{"line":37,"column":37},"end":{"line":39,"column":null}},"1":{"start":{"line":43,"column":35},"end":{"line":43,"column":null}},"2":{"start":{"line":45,"column":28},"end":{"line":45,"column":null}},"3":{"start":{"line":46,"column":28},"end":{"line":46,"column":null}},"4":{"start":{"line":53,"column":32},"end":{"line":53,"column":null}},"5":{"start":{"line":56,"column":4},"end":{"line":60,"column":null}},"6":{"start":{"line":62,"column":19},"end":{"line":65,"column":null}},"7":{"start":{"line":67,"column":2},"end":{"line":67,"column":null}},"8":{"start":{"line":69,"column":23},"end":{"line":69,"column":null}},"9":{"start":{"line":70,"column":2},"end":{"line":70,"column":null}},"10":{"start":{"line":73,"column":2},"end":{"line":73,"column":null}},"11":{"start":{"line":74,"column":2},"end":{"line":74,"column":null}},"12":{"start":{"line":77,"column":23},"end":{"line":77,"column":null}},"13":{"start":{"line":79,"column":2},"end":{"line":82,"column":null}},"14":{"start":{"line":80,"column":4},"end":{"line":80,"column":null}},"15":{"start":{"line":81,"column":4},"end":{"line":81,"column":null}},"16":{"start":{"line":84,"column":2},"end":{"line":87,"column":null}},"17":{"start":{"line":89,"column":2},"end":{"line":89,"column":null}},"18":{"start":{"line":90,"column":2},"end":{"line":90,"column":null}},"19":{"start":{"line":92,"column":2},"end":{"line":92,"column":null}},"20":{"start":{"line":95,"column":2},"end":{"line":101,"column":null}}},"fnMap":{"0":{"name":"useInternForm","decl":{"start":{"line":41,"column":9},"end":{"line":41,"column":null}},"loc":{"start":{"line":44,"column":23},"end":{"line":102,"column":null}},"line":44},"1":{"name":"(anonymous_1)","decl":{"start":{"line":43,"column":2},"end":{"line":43,"column":35}},"loc":{"start":{"line":43,"column":35},"end":{"line":43,"column":null}},"line":43},"2":{"name":"handleChange","decl":{"start":{"line":50,"column":11},"end":{"line":50,"column":null}},"loc":{"start":{"line":52,"column":8},"end":{"line":71,"column":null}},"line":52},"3":{"name":"handleReset","decl":{"start":{"line":72,"column":9},"end":{"line":72,"column":29}},"loc":{"start":{"line":72,"column":29},"end":{"line":75,"column":null}},"line":72},"4":{"name":"submit","decl":{"start":{"line":76,"column":10},"end":{"line":76,"column":28}},"loc":{"start":{"line":76,"column":28},"end":{"line":93,"column":null}},"line":76}},"branchMap":{"0":{"loc":{"start":{"line":43,"column":2},"end":{"line":43,"column":null}},"type":"default-arg","locations":[{"start":{"line":43,"column":2},"end":{"line":43,"column":null}}],"line":43},"1":{"loc":{"start":{"line":56,"column":4},"end":{"line":60,"column":null}},"type":"cond-expr","locations":[{"start":{"line":57,"column":9},"end":{"line":57,"column":null}},{"start":{"line":58,"column":8},"end":{"line":60,"column":null}}],"line":56},"2":{"loc":{"start":{"line":58,"column":8},"end":{"line":60,"column":null}},"type":"cond-expr","locations":[{"start":{"line":59,"column":10},"end":{"line":59,"column":null}},{"start":{"line":60,"column":10},"end":{"line":60,"column":null}}],"line":58},"3":{"loc":{"start":{"line":70,"column":11},"end":{"line":70,"column":29}},"type":"binary-expr","locations":[{"start":{"line":70,"column":11},"end":{"line":70,"column":27}},{"start":{"line":70,"column":27},"end":{"line":70,"column":29}}],"line":70},"4":{"loc":{"start":{"line":79,"column":2},"end":{"line":82,"column":null}},"type":"if","locations":[{"start":{"line":79,"column":2},"end":{"line":82,"column":null}},{"start":{},"end":{}}],"line":79}},"s":{"0":1,"1":0,"2":11,"3":11,"4":4,"5":4,"6":4,"7":4,"8":4,"9":4,"10":2,"11":2,"12":4,"13":4,"14":2,"15":2,"16":2,"17":2,"18":2,"19":2,"20":11},"f":{"0":11,"1":0,"2":4,"3":2,"4":4},"b":{"0":[0],"1":[0,4],"2":[2,2],"3":[4,4],"4":[2,2]},"meta":{"lastBranch":5,"lastFunction":5,"lastStatement":21,"seen":{"s:37:37:39:Infinity":0,"f:41:9:41:Infinity":0,"b:43:2:43:Infinity":0,"f:43:2:43:35":1,"s:43:35:43:Infinity":1,"s:45:28:45:Infinity":2,"s:46:28:46:Infinity":3,"f:50:11:50:Infinity":2,"s:53:32:53:Infinity":4,"s:56:4:60:Infinity":5,"b:57:9:57:Infinity:58:8:60:Infinity":1,"b:59:10:59:Infinity:60:10:60:Infinity":2,"s:62:19:65:Infinity":6,"s:67:2:67:Infinity":7,"s:69:23:69:Infinity":8,"s:70:2:70:Infinity":9,"b:70:11:70:27:70:27:70:29":3,"f:72:9:72:29":3,"s:73:2:73:Infinity":10,"s:74:2:74:Infinity":11,"f:76:10:76:28":4,"s:77:23:77:Infinity":12,"b:79:2:82:Infinity:undefined:undefined:undefined:undefined":4,"s:79:2:82:Infinity":13,"s:80:4:80:Infinity":14,"s:81:4:81:Infinity":15,"s:84:2:87:Infinity":16,"s:89:2:89:Infinity":17,"s:90:2:90:Infinity":18,"s:92:2:92:Infinity":19,"s:95:2:101:Infinity":20},"fnNames":{}}}
,"D:\\intern-training\\react\\session4\\src\\hooks\\useInternSearch.ts": {"path":"D:\\intern-training\\react\\session4\\src\\hooks\\useInternSearch.ts","statementMap":{"0":{"start":{"line":28,"column":30},"end":{"line":28,"column":null}},"1":{"start":{"line":39,"column":19},"end":{"line":42,"column":null}},"2":{"start":{"line":40,"column":8},"end":{"line":40,"column":null}},"3":{"start":{"line":43,"column":16},"end":{"line":49,"column":null}},"4":{"start":{"line":43,"column":31},"end":{"line":49,"column":6}},"5":{"start":{"line":45,"column":33},"end":{"line":45,"column":44}},"6":{"start":{"line":47,"column":44},"end":{"line":47,"column":57}},"7":{"start":{"line":51,"column":2},"end":{"line":51,"column":null}}},"fnMap":{"0":{"name":"useInternSearch","decl":{"start":{"line":24,"column":9},"end":{"line":24,"column":null}},"loc":{"start":{"line":27,"column":25},"end":{"line":52,"column":null}},"line":27},"1":{"name":"(anonymous_1)","decl":{"start":{"line":39,"column":19},"end":{"line":39,"column":null}},"loc":{"start":{"line":40,"column":8},"end":{"line":40,"column":null}},"line":40},"2":{"name":"(anonymous_2)","decl":{"start":{"line":43,"column":16},"end":{"line":43,"column":31}},"loc":{"start":{"line":43,"column":31},"end":{"line":49,"column":6}},"line":43},"3":{"name":"(anonymous_3)","decl":{"start":{"line":45,"column":21},"end":{"line":45,"column":28}},"loc":{"start":{"line":45,"column":33},"end":{"line":45,"column":44}},"line":45},"4":{"name":"(anonymous_4)","decl":{"start":{"line":47,"column":27},"end":{"line":47,"column":35}},"loc":{"start":{"line":47,"column":44},"end":{"line":47,"column":57}},"line":47}},"branchMap":{"0":{"loc":{"start":{"line":26,"column":2},"end":{"line":26,"column":null}},"type":"default-arg","locations":[{"start":{"line":26,"column":33},"end":{"line":26,"column":null}}],"line":26},"1":{"loc":{"start":{"line":46,"column":13},"end":{"line":48,"column":null}},"type":"cond-expr","locations":[{"start":{"line":47,"column":8},"end":{"line":47,"column":null}},{"start":{"line":48,"column":8},"end":{"line":48,"column":null}}],"line":46}},"s":{"0":2,"1":2,"2":2,"3":2,"4":1,"5":1,"6":1,"7":2},"f":{"0":2,"1":2,"2":1,"3":1,"4":1},"b":{"0":[2],"1":[1,0]},"meta":{"lastBranch":2,"lastFunction":5,"lastStatement":8,"seen":{"f:24:9:24:Infinity":0,"b:26:33:26:Infinity":0,"s:28:30:28:Infinity":0,"s:39:19:42:Infinity":1,"f:39:19:39:Infinity":1,"s:40:8:40:Infinity":2,"s:43:16:49:Infinity":3,"f:43:16:43:31":2,"s:43:31:49:6":4,"f:45:21:45:28":3,"s:45:33:45:44":5,"b:47:8:47:Infinity:48:8:48:Infinity":1,"f:47:27:47:35":4,"s:47:44:47:57":6,"s:51:2:51:Infinity":7},"fnNames":{}}}
,"D:\\intern-training\\react\\session4\\src\\utils\\generate-id.ts": {"path":"D:\\intern-training\\react\\session4\\src\\utils\\generate-id.ts","statementMap":{"0":{"start":{"line":5,"column":2},"end":{"line":5,"column":null}}},"fnMap":{"0":{"name":"generateInternId","decl":{"start":{"line":1,"column":16},"end":{"line":1,"column":null}},"loc":{"start":{"line":4,"column":10},"end":{"line":6,"column":null}},"line":4}},"branchMap":{"0":{"loc":{"start":{"line":2,"column":2},"end":{"line":2,"column":null}},"type":"default-arg","locations":[{"start":{"line":2,"column":22},"end":{"line":2,"column":null}}],"line":2},"1":{"loc":{"start":{"line":3,"column":2},"end":{"line":3,"column":null}},"type":"default-arg","locations":[{"start":{"line":3,"column":25},"end":{"line":3,"column":null}}],"line":3}},"s":{"0":3},"f":{"0":3},"b":{"0":[3],"1":[3]},"meta":{"lastBranch":2,"lastFunction":1,"lastStatement":1,"seen":{"f:1:16:1:Infinity":0,"b:2:22:2:Infinity":0,"b:3:25:3:Infinity":1,"s:5:2:5:Infinity":0},"fnNames":{}}}
,"D:\\intern-training\\react\\session4\\src\\utils\\intern-request.ts": {"path":"D:\\intern-training\\react\\session4\\src\\utils\\intern-request.ts","statementMap":{"0":{"start":{"line":9,"column":2},"end":{"line":12,"column":null}},"1":{"start":{"line":19,"column":18},"end":{"line":19,"column":null}},"2":{"start":{"line":21,"column":2},"end":{"line":21,"column":null}}},"fnMap":{"0":{"name":"prepareInternRequest","decl":{"start":{"line":8,"column":16},"end":{"line":8,"column":37}},"loc":{"start":{"line":8,"column":60},"end":{"line":13,"column":null}},"line":8},"1":{"name":"saveIntern","decl":{"start":{"line":15,"column":22},"end":{"line":15,"column":null}},"loc":{"start":{"line":18,"column":2},"end":{"line":22,"column":null}},"line":18}},"branchMap":{},"s":{"0":1,"1":0,"2":0},"f":{"0":1,"1":0},"b":{},"meta":{"lastBranch":0,"lastFunction":2,"lastStatement":3,"seen":{"f:8:16:8:37":0,"s:9:2:12:Infinity":0,"f:15:22:15:Infinity":1,"s:19:18:19:Infinity":1,"s:21:2:21:Infinity":2},"fnNames":{}}}
,"D:\\intern-training\\react\\session4\\src\\utils\\intern-utils.ts": {"path":"D:\\intern-training\\react\\session4\\src\\utils\\intern-utils.ts","statementMap":{"0":{"start":{"line":10,"column":15},"end":{"line":10,"column":null}},"1":{"start":{"line":12,"column":2},"end":{"line":16,"column":null}},"2":{"start":{"line":14,"column":6},"end":{"line":15,"column":null}}},"fnMap":{"0":{"name":"filterInterns","decl":{"start":{"line":9,"column":16},"end":{"line":9,"column":30}},"loc":{"start":{"line":9,"column":79},"end":{"line":17,"column":null}},"line":9},"1":{"name":"(anonymous_1)","decl":{"start":{"line":12,"column":17},"end":{"line":12,"column":null}},"loc":{"start":{"line":14,"column":6},"end":{"line":15,"column":null}},"line":14}},"branchMap":{"0":{"loc":{"start":{"line":14,"column":6},"end":{"line":15,"column":null}},"type":"binary-expr","locations":[{"start":{"line":14,"column":6},"end":{"line":14,"column":null}},{"start":{"line":15,"column":6},"end":{"line":15,"column":null}}],"line":14}},"s":{"0":6,"1":6,"2":24},"f":{"0":6,"1":24},"b":{"0":[24,18]},"meta":{"lastBranch":1,"lastFunction":2,"lastStatement":3,"seen":{"f:9:16:9:30":0,"s:10:15:10:Infinity":0,"s:12:2:16:Infinity":1,"f:12:17:12:Infinity":1,"s:14:6:15:Infinity":2,"b:14:6:14:Infinity:15:6:15:Infinity":0},"fnNames":{}}}
,"D:\\intern-training\\react\\session4\\src\\utils\\intern-validation.ts": {"path":"D:\\intern-training\\react\\session4\\src\\utils\\intern-validation.ts","statementMap":{"0":{"start":{"line":5,"column":2},"end":{"line":7,"column":null}},"1":{"start":{"line":6,"column":4},"end":{"line":6,"column":null}},"2":{"start":{"line":9,"column":2},"end":{"line":11,"column":null}},"3":{"start":{"line":10,"column":4},"end":{"line":10,"column":null}},"4":{"start":{"line":13,"column":2},"end":{"line":13,"column":null}}},"fnMap":{"0":{"name":"validateInternForm","decl":{"start":{"line":1,"column":16},"end":{"line":1,"column":null}},"loc":{"start":{"line":4,"column":17},"end":{"line":14,"column":null}},"line":4}},"branchMap":{"0":{"loc":{"start":{"line":5,"column":2},"end":{"line":7,"column":null}},"type":"if","locations":[{"start":{"line":5,"column":2},"end":{"line":7,"column":null}},{"start":{},"end":{}}],"line":5},"1":{"loc":{"start":{"line":9,"column":2},"end":{"line":11,"column":null}},"type":"if","locations":[{"start":{"line":9,"column":2},"end":{"line":11,"column":null}},{"start":{},"end":{}}],"line":9},"2":{"loc":{"start":{"line":9,"column":6},"end":{"line":9,"column":32}},"type":"binary-expr","locations":[{"start":{"line":9,"column":6},"end":{"line":9,"column":19}},{"start":{"line":9,"column":19},"end":{"line":9,"column":32}}],"line":9}},"s":{"0":15,"1":4,"2":11,"3":2,"4":9},"f":{"0":15},"b":{"0":[4,11],"1":[2,9],"2":[11,10]},"meta":{"lastBranch":3,"lastFunction":1,"lastStatement":5,"seen":{"f:1:16:1:Infinity":0,"b:5:2:7:Infinity:undefined:undefined:undefined:undefined":0,"s:5:2:7:Infinity":0,"s:6:4:6:Infinity":1,"b:9:2:11:Infinity:undefined:undefined:undefined:undefined":1,"s:9:2:11:Infinity":2,"b:9:6:9:19:9:19:9:32":2,"s:10:4:10:Infinity":3,"s:13:2:13:Infinity":4},"fnNames":{}}}
}
